time="2021-05-11T00:02:35+07:00" level=info msg="start listen and serve at 8080"
time="2021-05-11T00:05:20+07:00" level=info msg="start listen and serve at 8080"
time="2021-05-11T00:37:56+07:00" level=info msg="start listen and serve at 8080"
time="2021-05-11T00:39:24+07:00" level=info msg="start listen and serve at 8080"
time="2021-05-11T00:47:21+07:00" level=info msg="start listen and serve at 8080"
time="2021-05-11T01:01:47+07:00" level=info msg="start listen and serve at 8080"
time="2021-05-11T01:03:02+07:00" level=info msg="start listen and serve at 8080"
time="2021-05-11T01:04:29+07:00" level=info msg="start listen and serve at 8080"
time="2021-05-11T01:07:38+07:00" level=info msg="start listen and serve at 8080"
time="2021-05-11T01:09:40+07:00" level=error msg="record not found"
time="2021-05-11T01:09:46+07:00" level=error msg="record not found"
time="2021-05-11T01:11:47+07:00" level=info msg="start listen and serve at 8080"
time="2021-05-11T01:13:05+07:00" level=info msg="start listen and serve at 8080"
time="2021-05-11T01:24:35+07:00" level=fatal msg="failed to connect to `host=localhost user=postgres database=postgres`: server error (FATAL: password authentication failed for user \"postgres\" (SQLSTATE 28P01))"
time="2021-05-11T01:24:58+07:00" level=info msg="start listen and serve at 8080"
time="2021-05-11T01:32:31+07:00" level=info msg="start listen and serve at 8080"
time="2021-05-11T01:34:07+07:00" level=info msg="start listen and serve at 8080"
time="2021-05-11T01:38:38+07:00" level=info msg="start listen and serve at 8080"
time="2021-05-11T01:41:52+07:00" level=error msg="ERROR: null value in column \"id\" of relation \"paslon\" violates not-null constraint (SQLSTATE 23502)"
time="2021-05-11T01:43:24+07:00" level=error msg="ERROR: null value in column \"id\" of relation \"tps\" violates not-null constraint (SQLSTATE 23502)"
time="2021-05-11T01:53:22+07:00" level=info msg="start listen and serve at 8080"
time="2021-05-11T01:55:36+07:00" level=info msg="start listen and serve at 8080"
time="2021-05-11T02:05:05+07:00" level=info msg="start listen and serve at 8080"
time="2021-05-11T02:15:33+07:00" level=fatal msg="failed to connect to `host=localhost user=postgres database=postgres`: server error (FATAL: password authentication failed for user \"postgres\" (SQLSTATE 28P01))"
time="2021-05-11T02:15:50+07:00" level=info msg="start listen and serve at 8080"
time="2021-05-11T02:17:22+07:00" level=info msg="start listen and serve at 8080"
time="2021-05-11T07:51:01+07:00" level=fatal msg="failed to connect to `host=localhost user=postgres database=postgres`: server error (FATAL: password authentication failed for user \"postgres\" (SQLSTATE 28P01))"
time="2021-05-11T07:51:19+07:00" level=info msg="start listen and serve at 8080"
time="2021-05-11T10:18:14+07:00" level=info msg="start listen and serve at 8080"
