time="2021-04-19T07:24:40+07:00" level=info msg="start listen and serve at 8080"
time="2021-04-19T07:26:26+07:00" level=error msg="record not found"
time="2021-04-19T07:28:00+07:00" level=error msg="record not found"
time="2021-04-19T07:37:26+07:00" level=error msg="record not found"
time="2021-04-19T07:37:36+07:00" level=error msg="record not found"
time="2021-04-19T07:37:54+07:00" level=error msg="record not found"
time="2021-04-19T07:38:20+07:00" level=error msg="record not found"
time="2021-04-19T07:39:55+07:00" level=error msg="record not found"
time="2021-04-19T07:39:57+07:00" level=error msg="record not found"
time="2021-04-19T07:39:58+07:00" level=error msg="record not found"
time="2021-04-19T07:40:04+07:00" level=error msg="record not found"
time="2021-04-19T07:45:21+07:00" level=error msg="record not found"
time="2021-04-19T07:45:41+07:00" level=error msg="record not found"
time="2021-04-19T07:47:37+07:00" level=error msg="record not found"
time="2021-04-19T08:08:35+07:00" level=info msg="start listen and serve at 8080"
time="2021-04-19T11:13:03+07:00" level=fatal msg="failed to connect to `host=postgresserverpilkada.postgres.database.azure.com user=pantauadminpilkada database=pantaupilkadadb`: dial error (dial tcp 20.195.60.152:5432: connectex: A connection attempt failed because the connected party did not properly respond after a period of time, or established connection failed because connected host has failed to respond.)"
time="2021-04-19T11:49:50+07:00" level=fatal msg="failed to connect to `host=localhost user=postgres database=pantaupilkadadb`: server error (FATAL: password authentication failed for user \"postgres\" (SQLSTATE 28P01))"
time="2021-04-19T11:51:52+07:00" level=fatal msg="failed to connect to `host=localhost user=postgres database=postgres`: server error (FATAL: password authentication failed for user \"postgres\" (SQLSTATE 28P01))"
time="2021-04-19T11:53:32+07:00" level=info msg="start listen and serve at 8080"
time="2021-04-19T11:55:26+07:00" level=error msg="record not found"
time="2021-04-20T14:50:42+07:00" level=error msg="record not found"
